mode: set
alta-cookit-be/features/carts/service/cart.go:17.55,22.2 1 1
alta-cookit-be/features/carts/service/cart.go:24.98,26.16 2 1
alta-cookit-be/features/carts/service/cart.go:29.2,29.21 1 1
alta-cookit-be/features/carts/service/cart.go:26.16,28.3 1 1
alta-cookit-be/features/carts/service/cart.go:32.87,34.16 2 1
alta-cookit-be/features/carts/service/cart.go:38.2,39.16 2 1
alta-cookit-be/features/carts/service/cart.go:42.2,42.20 1 1
alta-cookit-be/features/carts/service/cart.go:34.16,36.3 1 1
alta-cookit-be/features/carts/service/cart.go:39.16,41.3 1 1
alta-cookit-be/features/carts/service/cart.go:45.70,47.16 2 1
alta-cookit-be/features/carts/service/cart.go:51.2,52.17 2 1
alta-cookit-be/features/carts/service/cart.go:56.2,57.16 2 1
alta-cookit-be/features/carts/service/cart.go:60.2,60.12 1 1
alta-cookit-be/features/carts/service/cart.go:47.16,49.3 1 1
alta-cookit-be/features/carts/service/cart.go:52.17,54.3 1 1
alta-cookit-be/features/carts/service/cart.go:57.16,59.3 1 1
alta-cookit-be/features/carts/service/cart.go:63.70,65.17 2 1
alta-cookit-be/features/carts/service/cart.go:69.2,70.16 2 1
alta-cookit-be/features/carts/service/cart.go:73.2,73.12 1 1
alta-cookit-be/features/carts/service/cart.go:65.17,67.3 1 1
alta-cookit-be/features/carts/service/cart.go:70.16,72.3 1 1
alta-cookit-be/features/images/service/image.go:18.92,24.2 1 1
alta-cookit-be/features/images/service/image.go:26.97,28.17 2 1
alta-cookit-be/features/images/service/image.go:32.2,33.16 2 1
alta-cookit-be/features/images/service/image.go:36.2,36.20 1 1
alta-cookit-be/features/images/service/image.go:28.17,30.3 1 1
alta-cookit-be/features/images/service/image.go:33.16,35.3 1 1
alta-cookit-be/features/images/service/image.go:39.97,41.17 2 1
alta-cookit-be/features/images/service/image.go:45.2,46.16 2 1
alta-cookit-be/features/images/service/image.go:49.2,49.20 1 1
alta-cookit-be/features/images/service/image.go:41.17,43.3 1 1
alta-cookit-be/features/images/service/image.go:46.16,48.3 1 1
alta-cookit-be/features/images/service/image.go:52.74,54.17 2 1
alta-cookit-be/features/images/service/image.go:58.2,59.16 2 1
alta-cookit-be/features/images/service/image.go:62.2,62.12 1 1
alta-cookit-be/features/images/service/image.go:54.17,56.3 1 1
alta-cookit-be/features/images/service/image.go:59.16,61.3 1 1
alta-cookit-be/features/images/service/image.go:65.80,67.17 2 1
alta-cookit-be/features/images/service/image.go:71.2,72.16 2 1
alta-cookit-be/features/images/service/image.go:75.2,75.12 1 1
alta-cookit-be/features/images/service/image.go:67.17,69.3 1 1
alta-cookit-be/features/images/service/image.go:72.16,74.3 1 1
alta-cookit-be/features/comments/service/comment.go:17.70,22.2 1 1
alta-cookit-be/features/comments/service/comment.go:24.118,26.16 2 1
alta-cookit-be/features/comments/service/comment.go:29.2,29.20 1 1
alta-cookit-be/features/comments/service/comment.go:26.16,28.3 1 1
alta-cookit-be/features/comments/service/comment.go:32.105,34.16 2 1
alta-cookit-be/features/comments/service/comment.go:38.2,39.16 2 1
alta-cookit-be/features/comments/service/comment.go:42.2,42.20 1 1
alta-cookit-be/features/comments/service/comment.go:34.16,36.3 1 1
alta-cookit-be/features/comments/service/comment.go:39.16,41.3 1 1
alta-cookit-be/features/comments/service/comment.go:45.109,47.16 2 1
alta-cookit-be/features/comments/service/comment.go:51.2,52.17 2 1
alta-cookit-be/features/comments/service/comment.go:56.2,57.16 2 1
alta-cookit-be/features/comments/service/comment.go:60.2,60.20 1 1
alta-cookit-be/features/comments/service/comment.go:47.16,49.3 1 1
alta-cookit-be/features/comments/service/comment.go:52.17,54.3 1 1
alta-cookit-be/features/comments/service/comment.go:57.16,59.3 1 1
alta-cookit-be/features/comments/service/comment.go:63.82,65.17 2 1
alta-cookit-be/features/comments/service/comment.go:69.2,70.16 2 1
alta-cookit-be/features/comments/service/comment.go:73.2,73.12 1 1
alta-cookit-be/features/comments/service/comment.go:65.17,67.3 1 1
alta-cookit-be/features/comments/service/comment.go:70.16,72.3 1 1
alta-cookit-be/features/comments/service/comment_test_table.go:24.54,82.2 2 1
alta-cookit-be/features/comments/service/comment_test_table.go:84.43,200.2 2 1
alta-cookit-be/features/comments/service/comment_test_table.go:202.47,372.2 2 1
alta-cookit-be/features/comments/service/comment_test_table.go:374.47,486.2 2 1
alta-cookit-be/features/ingredient_details/service/ingredient_detail.go:19.149,25.2 1 1
alta-cookit-be/features/ingredient_details/service/ingredient_detail.go:27.161,29.16 2 1
alta-cookit-be/features/ingredient_details/service/ingredient_detail.go:33.2,34.17 2 1
alta-cookit-be/features/ingredient_details/service/ingredient_detail.go:38.2,39.16 2 1
alta-cookit-be/features/ingredient_details/service/ingredient_detail.go:42.2,42.20 1 1
alta-cookit-be/features/ingredient_details/service/ingredient_detail.go:29.16,31.3 1 1
alta-cookit-be/features/ingredient_details/service/ingredient_detail.go:34.17,36.3 1 1
alta-cookit-be/features/ingredient_details/service/ingredient_detail.go:39.16,41.3 1 1
alta-cookit-be/features/ingredient_details/service/ingredient_detail.go:45.119,47.16 2 1
alta-cookit-be/features/ingredient_details/service/ingredient_detail.go:51.2,52.17 2 1
alta-cookit-be/features/ingredient_details/service/ingredient_detail.go:56.2,57.16 2 1
alta-cookit-be/features/ingredient_details/service/ingredient_detail.go:60.2,60.12 1 1
alta-cookit-be/features/ingredient_details/service/ingredient_detail.go:47.16,49.3 1 1
alta-cookit-be/features/ingredient_details/service/ingredient_detail.go:52.17,54.3 1 1
alta-cookit-be/features/ingredient_details/service/ingredient_detail.go:57.16,59.3 1 1
alta-cookit-be/features/ingredient_details/service/ingredient_detail.go:63.119,65.17 2 1
alta-cookit-be/features/ingredient_details/service/ingredient_detail.go:69.2,70.16 2 1
alta-cookit-be/features/ingredient_details/service/ingredient_detail.go:73.2,73.12 1 1
alta-cookit-be/features/ingredient_details/service/ingredient_detail.go:65.17,67.3 1 1
alta-cookit-be/features/ingredient_details/service/ingredient_detail.go:70.16,72.3 1 1
alta-cookit-be/features/ingredients/service/ingredient.go:19.117,25.2 1 1
alta-cookit-be/features/ingredients/service/ingredient.go:27.123,29.16 2 1
alta-cookit-be/features/ingredients/service/ingredient.go:33.2,34.17 2 1
alta-cookit-be/features/ingredients/service/ingredient.go:38.2,39.16 2 1
alta-cookit-be/features/ingredients/service/ingredient.go:42.2,42.20 1 1
alta-cookit-be/features/ingredients/service/ingredient.go:29.16,31.3 1 1
alta-cookit-be/features/ingredients/service/ingredient.go:34.17,36.3 1 1
alta-cookit-be/features/ingredients/service/ingredient.go:39.16,41.3 1 1
alta-cookit-be/features/ingredients/service/ingredient.go:45.94,47.16 2 1
alta-cookit-be/features/ingredients/service/ingredient.go:51.2,52.17 2 1
alta-cookit-be/features/ingredients/service/ingredient.go:56.2,57.16 2 1
alta-cookit-be/features/ingredients/service/ingredient.go:60.2,60.12 1 1
alta-cookit-be/features/ingredients/service/ingredient.go:47.16,49.3 1 1
alta-cookit-be/features/ingredients/service/ingredient.go:52.17,54.3 1 1
alta-cookit-be/features/ingredients/service/ingredient.go:57.16,59.3 1 1
alta-cookit-be/features/ingredients/service/ingredient.go:63.94,65.17 2 1
alta-cookit-be/features/ingredients/service/ingredient.go:69.2,70.16 2 1
alta-cookit-be/features/ingredients/service/ingredient.go:73.2,73.12 1 1
alta-cookit-be/features/ingredients/service/ingredient.go:65.17,67.3 1 1
alta-cookit-be/features/ingredients/service/ingredient.go:70.16,72.3 1 1
alta-cookit-be/features/ingredients/service/ingredient.go:76.100,78.17 2 1
alta-cookit-be/features/ingredients/service/ingredient.go:82.2,83.16 2 1
alta-cookit-be/features/ingredients/service/ingredient.go:86.2,86.12 1 1
alta-cookit-be/features/ingredients/service/ingredient.go:78.17,80.3 1 1
alta-cookit-be/features/ingredients/service/ingredient.go:83.16,85.3 1 1
alta-cookit-be/features/likes/service/like.go:11.55,15.2 1 1
alta-cookit-be/features/likes/service/like.go:17.68,19.16 2 1
alta-cookit-be/features/likes/service/like.go:19.16,21.3 1 1
alta-cookit-be/features/likes/service/like.go:22.2,22.12 1 1
alta-cookit-be/features/likes/service/like.go:25.70,27.16 2 1
alta-cookit-be/features/likes/service/like.go:27.16,29.3 1 1
alta-cookit-be/features/steps/service/step.go:19.87,25.2 1 1
alta-cookit-be/features/steps/service/step.go:27.87,29.16 2 1
alta-cookit-be/features/steps/service/step.go:33.2,34.17 2 1
alta-cookit-be/features/steps/service/step.go:38.2,39.16 2 1
alta-cookit-be/features/steps/service/step.go:42.2,42.20 1 1
alta-cookit-be/features/steps/service/step.go:29.16,31.3 1 1
alta-cookit-be/features/steps/service/step.go:34.17,36.3 1 1
alta-cookit-be/features/steps/service/step.go:39.16,41.3 1 1
alta-cookit-be/features/steps/service/step.go:45.70,47.16 2 1
alta-cookit-be/features/steps/service/step.go:51.2,52.17 2 1
alta-cookit-be/features/steps/service/step.go:56.2,57.16 2 1
alta-cookit-be/features/steps/service/step.go:60.2,60.12 1 1
alta-cookit-be/features/steps/service/step.go:47.16,49.3 1 1
alta-cookit-be/features/steps/service/step.go:52.17,54.3 1 1
alta-cookit-be/features/steps/service/step.go:57.16,59.3 1 1
alta-cookit-be/features/steps/service/step.go:63.70,65.17 2 1
alta-cookit-be/features/steps/service/step.go:69.2,70.16 2 1
alta-cookit-be/features/steps/service/step.go:73.2,73.12 1 1
alta-cookit-be/features/steps/service/step.go:65.17,67.3 1 1
alta-cookit-be/features/steps/service/step.go:70.16,72.3 1 1
alta-cookit-be/features/steps/service/step.go:76.76,78.17 2 1
alta-cookit-be/features/steps/service/step.go:82.2,83.16 2 1
alta-cookit-be/features/steps/service/step.go:86.2,86.12 1 1
alta-cookit-be/features/steps/service/step.go:78.17,80.3 1 1
alta-cookit-be/features/steps/service/step.go:83.16,85.3 1 1
alta-cookit-be/features/transaction_details/service/transaction_detail.go:17.122,22.2 1 1
alta-cookit-be/features/transaction_details/service/transaction_detail.go:24.171,26.17 2 1
alta-cookit-be/features/transaction_details/service/transaction_detail.go:30.2,31.16 2 1
alta-cookit-be/features/transaction_details/service/transaction_detail.go:34.2,34.21 1 1
alta-cookit-be/features/transaction_details/service/transaction_detail.go:26.17,28.3 1 1
alta-cookit-be/features/transaction_details/service/transaction_detail.go:31.16,33.3 1 1
alta-cookit-be/features/transactions/service/transaction.go:19.129,25.2 1 1
alta-cookit-be/features/transactions/service/transaction.go:27.140,29.16 2 1
alta-cookit-be/features/transactions/service/transaction.go:32.2,32.21 1 1
alta-cookit-be/features/transactions/service/transaction.go:29.16,31.3 1 1
alta-cookit-be/features/transactions/service/transaction.go:35.129,37.16 2 1
alta-cookit-be/features/transactions/service/transaction.go:41.2,42.16 2 1
alta-cookit-be/features/transactions/service/transaction.go:46.2,46.107 1 1
alta-cookit-be/features/transactions/service/transaction.go:55.2,56.16 2 1
alta-cookit-be/features/transactions/service/transaction.go:59.2,59.20 1 1
alta-cookit-be/features/transactions/service/transaction.go:37.16,39.3 1 1
alta-cookit-be/features/transactions/service/transaction.go:42.16,44.3 1 1
alta-cookit-be/features/transactions/service/transaction.go:46.107,48.17 2 1
alta-cookit-be/features/transactions/service/transaction.go:52.3,52.53 1 1
alta-cookit-be/features/transactions/service/transaction.go:48.17,50.4 1 0
alta-cookit-be/features/transactions/service/transaction.go:56.16,58.3 1 0
alta-cookit-be/features/transactions/service/transaction.go:62.104,64.17 2 1
alta-cookit-be/features/transactions/service/transaction.go:68.2,69.21 2 1
alta-cookit-be/features/transactions/service/transaction.go:84.2,85.16 2 1
alta-cookit-be/features/transactions/service/transaction.go:88.2,88.12 1 1
alta-cookit-be/features/transactions/service/transaction.go:64.17,66.3 1 1
alta-cookit-be/features/transactions/service/transaction.go:70.35,71.104 1 1
alta-cookit-be/features/transactions/service/transaction.go:76.36,77.48 1 1
alta-cookit-be/features/transactions/service/transaction.go:78.37,79.48 1 1
alta-cookit-be/features/transactions/service/transaction.go:80.10,81.13 1 1
alta-cookit-be/features/transactions/service/transaction.go:71.104,73.4 1 1
alta-cookit-be/features/transactions/service/transaction.go:73.9,75.4 1 1
alta-cookit-be/features/transactions/service/transaction.go:85.16,87.3 1 1
alta-cookit-be/features/transactions/service/transaction.go:91.110,92.46 1 1
alta-cookit-be/features/transactions/service/transaction.go:99.2,99.12 1 1
alta-cookit-be/features/transactions/service/transaction.go:92.46,95.17 3 1
alta-cookit-be/features/transactions/service/transaction.go:95.17,97.4 1 1
